0 info it worked if it ends with ok
1 verbose cli [ '/usr/local/Cellar/node/7.6.0/bin/node',
1 verbose cli   '/usr/local/bin/npm',
1 verbose cli   'run',
1 verbose cli   'test' ]
2 info using npm@4.1.2
3 info using node@v7.6.0
4 verbose run-script [ 'pretest', 'test', 'posttest' ]
5 info lifecycle rock-paper-scissors-99@1.0.0~pretest: rock-paper-scissors-99@1.0.0
6 silly lifecycle rock-paper-scissors-99@1.0.0~pretest: no script for pretest, continuing
7 info lifecycle rock-paper-scissors-99@1.0.0~test: rock-paper-scissors-99@1.0.0
8 verbose lifecycle rock-paper-scissors-99@1.0.0~test: unsafe-perm in lifecycle true
9 verbose lifecycle rock-paper-scissors-99@1.0.0~test: PATH: /usr/local/lib/node_modules/npm/bin/node-gyp-bin:/Users/chesterpennock/Dropbox/Personal/Codecademy/API/project-1-rock-paper-scissors-x99/node_modules/.bin:/Users/chesterpennock/Programming/miniconda2/bin:/Users/chesterpennock/miniconda2/bin:/usr/local/bin:/usr/bin:/bin:/usr/sbin:/sbin
10 verbose lifecycle rock-paper-scissors-99@1.0.0~test: CWD: /Users/chesterpennock/Dropbox/Personal/Codecademy/API/project-1-rock-paper-scissors-x99
11 silly lifecycle rock-paper-scissors-99@1.0.0~test: Args: [ '-c', 'mocha' ]
12 silly lifecycle rock-paper-scissors-99@1.0.0~test: Returned: code: 5  signal: null
13 info lifecycle rock-paper-scissors-99@1.0.0~test: Failed to exec test script
14 verbose stack Error: rock-paper-scissors-99@1.0.0 test: `mocha`
14 verbose stack Exit status 5
14 verbose stack     at EventEmitter.<anonymous> (/usr/local/lib/node_modules/npm/lib/utils/lifecycle.js:279:16)
14 verbose stack     at emitTwo (events.js:106:13)
14 verbose stack     at EventEmitter.emit (events.js:192:7)
14 verbose stack     at ChildProcess.<anonymous> (/usr/local/lib/node_modules/npm/lib/utils/spawn.js:40:14)
14 verbose stack     at emitTwo (events.js:106:13)
14 verbose stack     at ChildProcess.emit (events.js:192:7)
14 verbose stack     at maybeClose (internal/child_process.js:890:16)
14 verbose stack     at Process.ChildProcess._handle.onexit (internal/child_process.js:226:5)
15 verbose pkgid rock-paper-scissors-99@1.0.0
16 verbose cwd /Users/chesterpennock/Dropbox/Personal/Codecademy/API/project-1-rock-paper-scissors-x99
17 error Darwin 17.3.0
18 error argv "/usr/local/Cellar/node/7.6.0/bin/node" "/usr/local/bin/npm" "run" "test"
19 error node v7.6.0
20 error npm  v4.1.2
21 error code ELIFECYCLE
22 error rock-paper-scissors-99@1.0.0 test: `mocha`
22 error Exit status 5
23 error Failed at the rock-paper-scissors-99@1.0.0 test script 'mocha'.
23 error Make sure you have the latest version of node.js and npm installed.
23 error If you do, this is most likely a problem with the rock-paper-scissors-99 package,
23 error not with npm itself.
23 error Tell the author that this fails on your system:
23 error     mocha
23 error You can get information on how to open an issue for this project with:
23 error     npm bugs rock-paper-scissors-99
23 error Or if that isn't available, you can get their info via:
23 error     npm owner ls rock-paper-scissors-99
23 error There is likely additional logging output above.
24 verbose exit [ 1, true ]
